2025-03-01T15:20:44.800+09:00 ERROR 10300 --- [lottingbe] [http-nio-8080-exec-5] c.audora.lotting_be.security.JwtUtils    : JWT validation error: JWT expired at 2025-02-21T14:40:50Z. Current time: 2025-03-01T06:20:44Z, a difference of 661194800 milliseconds.  Allowed clock skew: 0 milliseconds.
2025-03-01T15:20:55.870+09:00 ERROR 10300 --- [lottingbe] [http-nio-8080-exec-7] c.audora.lotting_be.security.JwtUtils    : JWT validation error: JWT expired at 2025-02-21T14:40:50Z. Current time: 2025-03-01T06:20:55Z, a difference of 661205870 milliseconds.  Allowed clock skew: 0 milliseconds.
2025-03-01T15:20:55.900+09:00 ERROR 10300 --- [lottingbe] [http-nio-8080-exec-10] c.audora.lotting_be.security.JwtUtils    : JWT validation error: JWT expired at 2025-02-21T14:40:50Z. Current time: 2025-03-01T06:20:55Z, a difference of 661205900 milliseconds.  Allowed clock skew: 0 milliseconds.
2025-03-01T15:20:56.126+09:00 ERROR 10300 --- [lottingbe] [http-nio-8080-exec-1] c.audora.lotting_be.security.JwtUtils    : JWT validation error: JWT expired at 2025-02-21T14:40:50Z. Current time: 2025-03-01T06:20:56Z, a difference of 661206126 milliseconds.  Allowed clock skew: 0 milliseconds.
2025-03-01T15:20:56.229+09:00 ERROR 10300 --- [lottingbe] [http-nio-8080-exec-3] c.audora.lotting_be.security.JwtUtils    : JWT validation error: JWT expired at 2025-02-21T14:40:50Z. Current time: 2025-03-01T06:20:56Z, a difference of 661206229 milliseconds.  Allowed clock skew: 0 milliseconds.
2025-03-01T15:20:56.967+09:00 ERROR 10300 --- [lottingbe] [http-nio-8080-exec-5] c.audora.lotting_be.security.JwtUtils    : JWT validation error: JWT expired at 2025-02-21T14:40:50Z. Current time: 2025-03-01T06:20:56Z, a difference of 661206967 milliseconds.  Allowed clock skew: 0 milliseconds.
2025-03-01T15:21:07.496+09:00 ERROR 10300 --- [lottingbe] [http-nio-8080-exec-7] c.audora.lotting_be.security.JwtUtils    : JWT validation error: JWT expired at 2025-02-21T14:40:50Z. Current time: 2025-03-01T06:21:07Z, a difference of 661217496 milliseconds.  Allowed clock skew: 0 milliseconds.
2025-03-01T15:21:08.951+09:00 ERROR 10300 --- [lottingbe] [http-nio-8080-exec-8] c.audora.lotting_be.security.JwtUtils    : JWT validation error: JWT expired at 2025-02-21T14:40:50Z. Current time: 2025-03-01T06:21:08Z, a difference of 661218950 milliseconds.  Allowed clock skew: 0 milliseconds.
2025-03-01T15:21:09.003+09:00 ERROR 10300 --- [lottingbe] [http-nio-8080-exec-3] c.audora.lotting_be.security.JwtUtils    : JWT validation error: JWT expired at 2025-02-21T14:40:50Z. Current time: 2025-03-01T06:21:09Z, a difference of 661219003 milliseconds.  Allowed clock skew: 0 milliseconds.
2025-03-01T15:21:09.007+09:00 ERROR 10300 --- [lottingbe] [http-nio-8080-exec-4] c.audora.lotting_be.security.JwtUtils    : JWT validation error: JWT expired at 2025-02-21T14:40:50Z. Current time: 2025-03-01T06:21:09Z, a difference of 661219006 milliseconds.  Allowed clock skew: 0 milliseconds.
2025-03-01T15:21:09.039+09:00 ERROR 10300 --- [lottingbe] [http-nio-8080-exec-5] c.audora.lotting_be.security.JwtUtils    : JWT validation error: JWT expired at 2025-02-21T14:40:50Z. Current time: 2025-03-01T06:21:09Z, a difference of 661219039 milliseconds.  Allowed clock skew: 0 milliseconds.
2025-03-01T15:21:09.052+09:00 ERROR 10300 --- [lottingbe] [http-nio-8080-exec-4] c.audora.lotting_be.security.JwtUtils    : JWT validation error: JWT expired at 2025-02-21T14:40:50Z. Current time: 2025-03-01T06:21:09Z, a difference of 661219052 milliseconds.  Allowed clock skew: 0 milliseconds.
2025-03-01T15:21:27.503+09:00 ERROR 10300 --- [lottingbe] [http-nio-8080-exec-9] c.audora.lotting_be.security.JwtUtils    : JWT validation error: JWT expired at 2025-02-21T14:40:50Z. Current time: 2025-03-01T06:21:27Z, a difference of 661237503 milliseconds.  Allowed clock skew: 0 milliseconds.
2025-03-01T15:21:27.504+09:00 ERROR 10300 --- [lottingbe] [http-nio-8080-exec-1] c.audora.lotting_be.security.JwtUtils    : JWT validation error: JWT expired at 2025-02-21T14:40:50Z. Current time: 2025-03-01T06:21:27Z, a difference of 661237504 milliseconds.  Allowed clock skew: 0 milliseconds.
2025-03-01T15:21:27.548+09:00 ERROR 10300 --- [lottingbe] [http-nio-8080-exec-3] c.audora.lotting_be.security.JwtUtils    : JWT validation error: JWT expired at 2025-02-21T14:40:50Z. Current time: 2025-03-01T06:21:27Z, a difference of 661237548 milliseconds.  Allowed clock skew: 0 milliseconds.
2025-03-01T15:21:27.557+09:00 ERROR 10300 --- [lottingbe] [http-nio-8080-exec-6] c.audora.lotting_be.security.JwtUtils    : JWT validation error: JWT expired at 2025-02-21T14:40:50Z. Current time: 2025-03-01T06:21:27Z, a difference of 661237557 milliseconds.  Allowed clock skew: 0 milliseconds.
2025-03-01T15:21:28.844+09:00 ERROR 10300 --- [lottingbe] [http-nio-8080-exec-5] c.audora.lotting_be.security.JwtUtils    : JWT validation error: JWT expired at 2025-02-21T14:40:50Z. Current time: 2025-03-01T06:21:28Z, a difference of 661238844 milliseconds.  Allowed clock skew: 0 milliseconds.
2025-03-01T15:21:28.900+09:00 ERROR 10300 --- [lottingbe] [http-nio-8080-exec-9] c.audora.lotting_be.security.JwtUtils    : JWT validation error: JWT expired at 2025-02-21T14:40:50Z. Current time: 2025-03-01T06:21:28Z, a difference of 661238900 milliseconds.  Allowed clock skew: 0 milliseconds.
2025-03-01T15:21:28.900+09:00 ERROR 10300 --- [lottingbe] [http-nio-8080-exec-10] c.audora.lotting_be.security.JwtUtils    : JWT validation error: JWT expired at 2025-02-21T14:40:50Z. Current time: 2025-03-01T06:21:28Z, a difference of 661238900 milliseconds.  Allowed clock skew: 0 milliseconds.
2025-03-01T15:21:28.933+09:00 ERROR 10300 --- [lottingbe] [http-nio-8080-exec-1] c.audora.lotting_be.security.JwtUtils    : JWT validation error: JWT expired at 2025-02-21T14:40:50Z. Current time: 2025-03-01T06:21:28Z, a difference of 661238933 milliseconds.  Allowed clock skew: 0 milliseconds.
2025-03-01T15:21:28.947+09:00 ERROR 10300 --- [lottingbe] [http-nio-8080-exec-3] c.audora.lotting_be.security.JwtUtils    : JWT validation error: JWT expired at 2025-02-21T14:40:50Z. Current time: 2025-03-01T06:21:28Z, a difference of 661238947 milliseconds.  Allowed clock skew: 0 milliseconds.
2025-03-01T15:29:49.818+09:00  INFO 22956 --- [lottingbe] [restartedMain] c.a.lotting_be.LottingBeApplication      : Starting LottingBeApplication using Java 22.0.2 with PID 22956 (C:\Users\gy255\OneDrive\바탕 화면\lottingset\lotting-be\build\classes\java\main started by gy255 in C:\Users\gy255\OneDrive\바탕 화면\lottingset\lotting-be)
2025-03-01T15:29:49.821+09:00  INFO 22956 --- [lottingbe] [restartedMain] c.a.lotting_be.LottingBeApplication      : No active profile set, falling back to 1 default profile: "default"
2025-03-01T15:29:49.862+09:00  INFO 22956 --- [lottingbe] [restartedMain] .e.DevToolsPropertyDefaultsPostProcessor : Devtools property defaults active! Set 'spring.devtools.add-properties' to 'false' to disable
2025-03-01T15:29:49.863+09:00  INFO 22956 --- [lottingbe] [restartedMain] .e.DevToolsPropertyDefaultsPostProcessor : For additional web related logging consider setting the 'logging.level.web' property to 'DEBUG'
2025-03-01T15:29:50.579+09:00  INFO 22956 --- [lottingbe] [restartedMain] .s.d.r.c.RepositoryConfigurationDelegate : Bootstrapping Spring Data JPA repositories in DEFAULT mode.
2025-03-01T15:29:50.645+09:00  INFO 22956 --- [lottingbe] [restartedMain] .s.d.r.c.RepositoryConfigurationDelegate : Finished Spring Data repository scanning in 61 ms. Found 5 JPA repository interfaces.
2025-03-01T15:29:51.308+09:00  INFO 22956 --- [lottingbe] [restartedMain] o.s.b.w.embedded.tomcat.TomcatWebServer  : Tomcat initialized with port 8080 (http)
2025-03-01T15:29:51.326+09:00  INFO 22956 --- [lottingbe] [restartedMain] o.apache.catalina.core.StandardService   : Starting service [Tomcat]
2025-03-01T15:29:51.327+09:00  INFO 22956 --- [lottingbe] [restartedMain] o.apache.catalina.core.StandardEngine    : Starting Servlet engine: [Apache Tomcat/10.1.31]
2025-03-01T15:29:51.378+09:00  INFO 22956 --- [lottingbe] [restartedMain] o.a.c.c.C.[Tomcat].[localhost].[/]       : Initializing Spring embedded WebApplicationContext
2025-03-01T15:29:51.378+09:00  INFO 22956 --- [lottingbe] [restartedMain] w.s.c.ServletWebServerApplicationContext : Root WebApplicationContext: initialization completed in 1515 ms
2025-03-01T15:29:51.408+09:00  INFO 22956 --- [lottingbe] [restartedMain] c.audora.lotting_be.security.JwtUtils    : JWT Key initialized successfully.
2025-03-01T15:29:51.475+09:00  INFO 22956 --- [lottingbe] [restartedMain] com.zaxxer.hikari.HikariDataSource       : HikariPool-1 - Starting...
2025-03-01T15:29:51.846+09:00  INFO 22956 --- [lottingbe] [restartedMain] com.zaxxer.hikari.pool.HikariPool        : HikariPool-1 - Added connection com.mysql.cj.jdbc.ConnectionImpl@396f60ca
2025-03-01T15:29:51.847+09:00  INFO 22956 --- [lottingbe] [restartedMain] com.zaxxer.hikari.HikariDataSource       : HikariPool-1 - Start completed.
2025-03-01T15:29:51.936+09:00  INFO 22956 --- [lottingbe] [restartedMain] o.hibernate.jpa.internal.util.LogHelper  : HHH000204: Processing PersistenceUnitInfo [name: default]
2025-03-01T15:29:51.987+09:00  INFO 22956 --- [lottingbe] [restartedMain] org.hibernate.Version                    : HHH000412: Hibernate ORM core version 6.5.3.Final
2025-03-01T15:29:52.012+09:00  INFO 22956 --- [lottingbe] [restartedMain] o.h.c.internal.RegionFactoryInitiator    : HHH000026: Second-level cache disabled
2025-03-01T15:29:52.272+09:00  INFO 22956 --- [lottingbe] [restartedMain] o.s.o.j.p.SpringPersistenceUnitInfo      : No LoadTimeWeaver setup: ignoring JPA class transformer
2025-03-01T15:29:53.178+09:00  INFO 22956 --- [lottingbe] [restartedMain] o.h.e.t.j.p.i.JtaPlatformInitiator       : HHH000489: No JTA platform available (set 'hibernate.transaction.jta.platform' to enable JTA platform integration)
2025-03-01T15:29:54.101+09:00  INFO 22956 --- [lottingbe] [restartedMain] j.LocalContainerEntityManagerFactoryBean : Initialized JPA EntityManagerFactory for persistence unit 'default'
2025-03-01T15:29:54.391+09:00  INFO 22956 --- [lottingbe] [restartedMain] r$InitializeUserDetailsManagerConfigurer : Global AuthenticationManager configured with UserDetailsService bean with name userDetailsServiceImpl
2025-03-01T15:29:54.475+09:00  INFO 22956 --- [lottingbe] [restartedMain] o.s.d.j.r.query.QueryEnhancerFactory     : Hibernate is in classpath; If applicable, HQL parser will be used.
2025-03-01T15:29:54.604+09:00  WARN 22956 --- [lottingbe] [restartedMain] JpaBaseConfiguration$JpaWebConfiguration : spring.jpa.open-in-view is enabled by default. Therefore, database queries may be performed during view rendering. Explicitly configure spring.jpa.open-in-view to disable this warning
2025-03-01T15:29:54.999+09:00  INFO 22956 --- [lottingbe] [restartedMain] o.s.b.d.a.OptionalLiveReloadServer       : LiveReload server is running on port 35729
2025-03-01T15:29:55.027+09:00  INFO 22956 --- [lottingbe] [restartedMain] o.s.b.w.embedded.tomcat.TomcatWebServer  : Tomcat started on port 8080 (http) with context path '/'
2025-03-01T15:29:55.034+09:00  INFO 22956 --- [lottingbe] [restartedMain] c.a.lotting_be.LottingBeApplication      : Started LottingBeApplication in 5.601 seconds (process running for 5.994)
2025-03-01T15:29:56.836+09:00  INFO 22956 --- [lottingbe] [http-nio-8080-exec-1] o.a.c.c.C.[Tomcat].[localhost].[/]       : Initializing Spring DispatcherServlet 'dispatcherServlet'
2025-03-01T15:29:56.836+09:00  INFO 22956 --- [lottingbe] [http-nio-8080-exec-1] o.s.web.servlet.DispatcherServlet        : Initializing Servlet 'dispatcherServlet'
2025-03-01T15:29:56.837+09:00  INFO 22956 --- [lottingbe] [http-nio-8080-exec-1] o.s.web.servlet.DispatcherServlet        : Completed initialization in 1 ms
2025-03-01T15:31:08.412+09:00 ERROR 22956 --- [lottingbe] [http-nio-8080-exec-4] c.audora.lotting_be.security.JwtUtils    : JWT validation error: JWT expired at 2025-02-21T14:40:50Z. Current time: 2025-03-01T06:31:08Z, a difference of 661818412 milliseconds.  Allowed clock skew: 0 milliseconds.
2025-03-01T15:31:08.437+09:00 ERROR 22956 --- [lottingbe] [http-nio-8080-exec-6] c.audora.lotting_be.security.JwtUtils    : JWT validation error: JWT expired at 2025-02-21T14:40:50Z. Current time: 2025-03-01T06:31:08Z, a difference of 661818436 milliseconds.  Allowed clock skew: 0 milliseconds.
2025-03-01T15:31:13.317+09:00 ERROR 22956 --- [lottingbe] [http-nio-8080-exec-8] c.audora.lotting_be.security.JwtUtils    : JWT validation error: JWT expired at 2025-02-21T14:40:50Z. Current time: 2025-03-01T06:31:13Z, a difference of 661823317 milliseconds.  Allowed clock skew: 0 milliseconds.
2025-03-01T15:31:14.598+09:00 ERROR 22956 --- [lottingbe] [http-nio-8080-exec-10] c.audora.lotting_be.security.JwtUtils    : JWT validation error: JWT expired at 2025-02-21T14:40:50Z. Current time: 2025-03-01T06:31:14Z, a difference of 661824598 milliseconds.  Allowed clock skew: 0 milliseconds.
2025-03-01T15:31:14.661+09:00 ERROR 22956 --- [lottingbe] [http-nio-8080-exec-2] c.audora.lotting_be.security.JwtUtils    : JWT validation error: JWT expired at 2025-02-21T14:40:50Z. Current time: 2025-03-01T06:31:14Z, a difference of 661824661 milliseconds.  Allowed clock skew: 0 milliseconds.
2025-03-01T15:32:28.078+09:00 ERROR 22956 --- [lottingbe] [http-nio-8080-exec-6] c.audora.lotting_be.security.JwtUtils    : JWT validation error: JWT expired at 2025-02-21T14:40:50Z. Current time: 2025-03-01T06:32:28Z, a difference of 661898078 milliseconds.  Allowed clock skew: 0 milliseconds.
2025-03-01T15:32:30.884+09:00 ERROR 22956 --- [lottingbe] [http-nio-8080-exec-7] c.audora.lotting_be.security.JwtUtils    : JWT validation error: JWT expired at 2025-02-21T14:40:50Z. Current time: 2025-03-01T06:32:30Z, a difference of 661900884 milliseconds.  Allowed clock skew: 0 milliseconds.
2025-03-01T15:32:30.935+09:00 ERROR 22956 --- [lottingbe] [http-nio-8080-exec-2] c.audora.lotting_be.security.JwtUtils    : JWT validation error: JWT expired at 2025-02-21T14:40:50Z. Current time: 2025-03-01T06:32:30Z, a difference of 661900935 milliseconds.  Allowed clock skew: 0 milliseconds.
2025-03-01T15:32:30.935+09:00 ERROR 22956 --- [lottingbe] [http-nio-8080-exec-3] c.audora.lotting_be.security.JwtUtils    : JWT validation error: JWT expired at 2025-02-21T14:40:50Z. Current time: 2025-03-01T06:32:30Z, a difference of 661900935 milliseconds.  Allowed clock skew: 0 milliseconds.
2025-03-01T15:32:30.969+09:00 ERROR 22956 --- [lottingbe] [http-nio-8080-exec-5] c.audora.lotting_be.security.JwtUtils    : JWT validation error: JWT expired at 2025-02-21T14:40:50Z. Current time: 2025-03-01T06:32:30Z, a difference of 661900969 milliseconds.  Allowed clock skew: 0 milliseconds.
2025-03-01T15:32:30.977+09:00 ERROR 22956 --- [lottingbe] [http-nio-8080-exec-4] c.audora.lotting_be.security.JwtUtils    : JWT validation error: JWT expired at 2025-02-21T14:40:50Z. Current time: 2025-03-01T06:32:30Z, a difference of 661900977 milliseconds.  Allowed clock skew: 0 milliseconds.
